This is pdfTeX, Version 3.14159265-2.6-1.40.21 (MiKTeX 20.10) (preloaded format=pdflatex 2020.11.27)  27 NOV 2020 16:03
entering extended mode
**d:/DONNY/Documents/BelajarLaTeX/IEEE/tes2.tex
(d:/DONNY/Documents/BelajarLaTeX/IEEE/tes2.tex
LaTeX2e <2020-10-01> patch level 2
L3 programming layer <2020-10-05> xparse <2020-03-03> ("C:\Program Files\MiKTeX\tex/latex/ieeetran\IEEEtran.cls"
Document Class: IEEEtran 2015/08/26 V1.8b by Michael Shell
-- See the "IEEEtran_HOWTO" manual for usage information.
-- http://www.michaelshell.org/tex/ieeetran/
\@IEEEtrantmpdimenA=\dimen138
\@IEEEtrantmpdimenB=\dimen139
\@IEEEtrantmpdimenC=\dimen140
\@IEEEtrantmpcountA=\count175
\@IEEEtrantmpcountB=\count176
\@IEEEtrantmpcountC=\count177
\@IEEEtrantmptoksA=\toks15
LaTeX Font Info:    Trying to load font information for OT1+ptm on input line 503.
("C:\Program Files\MiKTeX\tex/latex/psnfss\ot1ptm.fd"
File: ot1ptm.fd 2001/06/04 font definitions for OT1/ptm.
)
-- Using 8.5in x 11in (letter) paper.
-- Using PDF output.
\@IEEEnormalsizeunitybaselineskip=\dimen141
-- This is a 10 point document.
\CLASSINFOnormalsizebaselineskip=\dimen142
\CLASSINFOnormalsizeunitybaselineskip=\dimen143
\IEEEnormaljot=\dimen144
LaTeX Font Info:    Font shape `OT1/ptm/bx/n' in size <5> not available
(Font)              Font shape `OT1/ptm/b/n' tried instead on input line 1090.
LaTeX Font Info:    Font shape `OT1/ptm/bx/it' in size <5> not available
(Font)              Font shape `OT1/ptm/b/it' tried instead on input line 1090.
LaTeX Font Info:    Font shape `OT1/ptm/bx/n' in size <7> not available
(Font)              Font shape `OT1/ptm/b/n' tried instead on input line 1090.
LaTeX Font Info:    Font shape `OT1/ptm/bx/it' in size <7> not available
(Font)              Font shape `OT1/ptm/b/it' tried instead on input line 1090.
LaTeX Font Info:    Font shape `OT1/ptm/bx/n' in size <8> not available
(Font)              Font shape `OT1/ptm/b/n' tried instead on input line 1090.
LaTeX Font Info:    Font shape `OT1/ptm/bx/it' in size <8> not available
(Font)              Font shape `OT1/ptm/b/it' tried instead on input line 1090.
LaTeX Font Info:    Font shape `OT1/ptm/bx/n' in size <9> not available
(Font)              Font shape `OT1/ptm/b/n' tried instead on input line 1090.
LaTeX Font Info:    Font shape `OT1/ptm/bx/it' in size <9> not available
(Font)              Font shape `OT1/ptm/b/it' tried instead on input line 1090.
LaTeX Font Info:    Font shape `OT1/ptm/bx/n' in size <10> not available
(Font)              Font shape `OT1/ptm/b/n' tried instead on input line 1090.
LaTeX Font Info:    Font shape `OT1/ptm/bx/it' in size <10> not available
(Font)              Font shape `OT1/ptm/b/it' tried instead on input line 1090.
LaTeX Font Info:    Font shape `OT1/ptm/bx/n' in size <11> not available
(Font)              Font shape `OT1/ptm/b/n' tried instead on input line 1090.
LaTeX Font Info:    Font shape `OT1/ptm/bx/it' in size <11> not available
(Font)              Font shape `OT1/ptm/b/it' tried instead on input line 1090.
LaTeX Font Info:    Font shape `OT1/ptm/bx/n' in size <12> not available
(Font)              Font shape `OT1/ptm/b/n' tried instead on input line 1090.
LaTeX Font Info:    Font shape `OT1/ptm/bx/it' in size <12> not available
(Font)              Font shape `OT1/ptm/b/it' tried instead on input line 1090.
LaTeX Font Info:    Font shape `OT1/ptm/bx/n' in size <17> not available
(Font)              Font shape `OT1/ptm/b/n' tried instead on input line 1090.
LaTeX Font Info:    Font shape `OT1/ptm/bx/it' in size <17> not available
(Font)              Font shape `OT1/ptm/b/it' tried instead on input line 1090.
LaTeX Font Info:    Font shape `OT1/ptm/bx/n' in size <20> not available
(Font)              Font shape `OT1/ptm/b/n' tried instead on input line 1090.
LaTeX Font Info:    Font shape `OT1/ptm/bx/it' in size <20> not available
(Font)              Font shape `OT1/ptm/b/it' tried instead on input line 1090.
LaTeX Font Info:    Font shape `OT1/ptm/bx/n' in size <24> not available
(Font)              Font shape `OT1/ptm/b/n' tried instead on input line 1090.
LaTeX Font Info:    Font shape `OT1/ptm/bx/it' in size <24> not available
(Font)              Font shape `OT1/ptm/b/it' tried instead on input line 1090.
\IEEEquantizedlength=\dimen145
\IEEEquantizedlengthdiff=\dimen146
\IEEEquantizedtextheightdiff=\dimen147
\IEEEilabelindentA=\dimen148
\IEEEilabelindentB=\dimen149
\IEEEilabelindent=\dimen150
\IEEEelabelindent=\dimen151
\IEEEdlabelindent=\dimen152
\IEEElabelindent=\dimen153
\IEEEiednormlabelsep=\dimen154
\IEEEiedmathlabelsep=\dimen155
\IEEEiedtopsep=\skip47
\c@section=\count178
\c@subsection=\count179
\c@subsubsection=\count180
\c@paragraph=\count181
\c@IEEEsubequation=\count182
\abovecaptionskip=\skip48
\belowcaptionskip=\skip49
\c@figure=\count183
\c@table=\count184
\@IEEEeqnnumcols=\count185
\@IEEEeqncolcnt=\count186
\@IEEEsubeqnnumrollback=\count187
\@IEEEquantizeheightA=\dimen156
\@IEEEquantizeheightB=\dimen157
\@IEEEquantizeheightC=\dimen158
\@IEEEquantizeprevdepth=\dimen159
\@IEEEquantizemultiple=\count188
\@IEEEquantizeboxA=\box47
\@IEEEtmpitemindent=\dimen160
\IEEEPARstartletwidth=\dimen161
\c@IEEEbiography=\count189
\@IEEEtranrubishbin=\box48
)
** ATTENTION: Overriding command lockouts (line 2).
("C:\Program Files\MiKTeX\tex/latex/cite\cite.sty"
LaTeX Info: Redefining \cite on input line 302.
LaTeX Info: Redefining \nocite on input line 332.
Package: cite 2015/02/27  v 5.5
) ("C:\Program Files\MiKTeX\tex/latex/amsmath\amsmath.sty"
Package: amsmath 2020/09/23 v2.17i AMS math features
\@mathmargin=\skip50

For additional information on amsmath, use the `?' option.
("C:\Program Files\MiKTeX\tex/latex/amsmath\amstext.sty"
Package: amstext 2000/06/29 v2.01 AMS text
 ("C:\Program Files\MiKTeX\tex/latex/amsmath\amsgen.sty"
File: amsgen.sty 1999/11/30 v2.0 generic functions
\@emptytoks=\toks16
\ex@=\dimen162
)) ("C:\Program Files\MiKTeX\tex/latex/amsmath\amsbsy.sty"
Package: amsbsy 1999/11/29 v1.2d Bold Symbols
\pmbraise@=\dimen163
) ("C:\Program Files\MiKTeX\tex/latex/amsmath\amsopn.sty"
Package: amsopn 2016/03/08 v2.02 operator names
)
\inf@bad=\count190
LaTeX Info: Redefining \frac on input line 234.
\uproot@=\count191
\leftroot@=\count192
LaTeX Info: Redefining \overline on input line 399.
\classnum@=\count193
\DOTSCASE@=\count194
LaTeX Info: Redefining \ldots on input line 496.
LaTeX Info: Redefining \dots on input line 499.
LaTeX Info: Redefining \cdots on input line 620.
\Mathstrutbox@=\box49
\strutbox@=\box50
\big@size=\dimen164
LaTeX Font Info:    Redeclaring font encoding OML on input line 743.
LaTeX Font Info:    Redeclaring font encoding OMS on input line 744.
\macc@depth=\count195
\c@MaxMatrixCols=\count196
\dotsspace@=\muskip16
\c@parentequation=\count197
\dspbrk@lvl=\count198
\tag@help=\toks17
\row@=\count199
\column@=\count266
\maxfields@=\count267
\andhelp@=\toks18
\eqnshift@=\dimen165
\alignsep@=\dimen166
\tagshift@=\dimen167
\tagwidth@=\dimen168
\totwidth@=\dimen169
\lineht@=\dimen170
\@envbody=\toks19
\multlinegap=\skip51
\multlinetaggap=\skip52
\mathdisplay@stack=\toks20
LaTeX Info: Redefining \[ on input line 2923.
LaTeX Info: Redefining \] on input line 2924.
) ("C:\Program Files\MiKTeX\tex/latex/amsfonts\amssymb.sty"
Package: amssymb 2013/01/14 v3.01 AMS font symbols
 ("C:\Program Files\MiKTeX\tex/latex/amsfonts\amsfonts.sty"
Package: amsfonts 2013/01/14 v3.01 Basic AMSFonts support
\symAMSa=\mathgroup4
\symAMSb=\mathgroup5
LaTeX Font Info:    Redeclaring math symbol \hbar on input line 98.
LaTeX Font Info:    Overwriting math alphabet `\mathfrak' in version `bold'
(Font)                  U/euf/m/n --> U/euf/b/n on input line 106.
)) ("C:\Program Files\MiKTeX\tex/latex/algorithms\algorithmic.sty"
Package: algorithmic 2009/08/24 v0.1 Document Style `algorithmic'
 ("C:\Program Files\MiKTeX\tex/latex/base\ifthen.sty"
Package: ifthen 2014/09/29 v1.1c Standard LaTeX ifthen package (DPC)
) ("C:\Program Files\MiKTeX\tex/latex/graphics\keyval.sty"
Package: keyval 2014/10/28 v1.15 key=value parser (DPC)
\KV@toks@=\toks21
)
\c@ALC@unique=\count268
\c@ALC@line=\count269
\c@ALC@rem=\count270
\c@ALC@depth=\count271
\ALC@tlm=\skip53
\algorithmicindent=\skip54
) ("C:\Program Files\MiKTeX\tex/latex/graphics\graphicx.sty"
Package: graphicx 2020/09/09 v1.2b Enhanced LaTeX Graphics (DPC,SPQR)
 ("C:\Program Files\MiKTeX\tex/latex/graphics\graphics.sty"
Package: graphics 2020/08/30 v1.4c Standard LaTeX Graphics (DPC,SPQR)
 ("C:\Program Files\MiKTeX\tex/latex/graphics\trig.sty"
Package: trig 2016/01/03 v1.10 sin cos tan (DPC)
) ("C:\Program Files\MiKTeX\tex/latex/graphics-cfg\graphics.cfg"
File: graphics.cfg 2016/06/04 v1.11 sample graphics configuration
)
Package graphics Info: Driver file: pdftex.def on input line 105.
 ("C:\Program Files\MiKTeX\tex/latex/graphics-def\pdftex.def"
File: pdftex.def 2020/10/05 v1.2a Graphics/color driver for pdftex
))
\Gin@req@height=\dimen171
\Gin@req@width=\dimen172
) ("C:\Program Files\MiKTeX\tex/latex/url\url.sty"
\Urlmuskip=\muskip17
Package: url 2013/09/16  ver 3.4  Verb mode for urls, etc.
) ("C:\Program Files\MiKTeX\tex/latex/base\textcomp.sty"
Package: textcomp 2020/02/02 v2.0n Standard LaTeX package
) ("C:\Program Files\MiKTeX\tex/latex/xcolor\xcolor.sty"
Package: xcolor 2016/05/11 v2.12 LaTeX color extensions (UK)
 ("C:\Program Files\MiKTeX\tex/latex/graphics-cfg\color.cfg"
File: color.cfg 2016/01/02 v1.6 sample color configuration
)
Package xcolor Info: Driver file: pdftex.def on input line 225.
Package xcolor Info: Model `cmy' substituted by `cmy0' on input line 1348.
Package xcolor Info: Model `hsb' substituted by `rgb' on input line 1352.
Package xcolor Info: Model `RGB' extended on input line 1364.
Package xcolor Info: Model `HTML' substituted by `rgb' on input line 1366.
Package xcolor Info: Model `Hsb' substituted by `hsb' on input line 1367.
Package xcolor Info: Model `tHsb' substituted by `hsb' on input line 1368.
Package xcolor Info: Model `HSB' substituted by `hsb' on input line 1369.
Package xcolor Info: Model `Gray' substituted by `gray' on input line 1370.
Package xcolor Info: Model `wave' substituted by `hsb' on input line 1371.
) ("C:\Program Files\MiKTeX\tex/latex/l3backend\l3backend-pdftex.def"
File: l3backend-pdftex.def 2020-09-24 L3 backend support: PDF output (pdfTeX)
\l__kernel_color_stack_int=\count272
\l__pdf_internal_box=\box51
) (d:/DONNY\Documents\BelajarLaTeX\IEEE\tes2.aux)
\openout1 = `tes2.aux'.

LaTeX Font Info:    Checking defaults for OML/cmm/m/it on input line 12.
LaTeX Font Info:    ... okay on input line 12.
LaTeX Font Info:    Checking defaults for OMS/cmsy/m/n on input line 12.
LaTeX Font Info:    ... okay on input line 12.
LaTeX Font Info:    Checking defaults for OT1/cmr/m/n on input line 12.
LaTeX Font Info:    ... okay on input line 12.
LaTeX Font Info:    Checking defaults for T1/cmr/m/n on input line 12.
LaTeX Font Info:    ... okay on input line 12.
LaTeX Font Info:    Checking defaults for TS1/cmr/m/n on input line 12.
LaTeX Font Info:    ... okay on input line 12.
LaTeX Font Info:    Checking defaults for OMX/cmex/m/n on input line 12.
LaTeX Font Info:    ... okay on input line 12.
LaTeX Font Info:    Checking defaults for U/cmr/m/n on input line 12.
LaTeX Font Info:    ... okay on input line 12.

-- Lines per column: 56 (exact).
("C:\Program Files\MiKTeX\tex/context/base/mkii\supp-pdf.mkii"
[Loading MPS to PDF converter (version 2006.09.02).]
\scratchcounter=\count273
\scratchdimen=\dimen173
\scratchbox=\box52
\nofMPsegments=\count274
\nofMParguments=\count275
\everyMPshowfont=\toks22
\MPscratchCnt=\count276
\MPscratchDim=\dimen174
\MPnumerator=\count277
\makeMPintoPDFobject=\count278
\everyMPtoPDFconversion=\toks23
) ("C:\Program Files\MiKTeX\tex/latex/epstopdf-pkg\epstopdf-base.sty"
Package: epstopdf-base 2020-01-24 v2.11 Base part for package epstopdf
Package epstopdf-base Info: Redefining graphics rule for `.eps' on input line 485.
)
LaTeX Font Info:    Calculating math sizes for size <11> on input line 41.
LaTeX Font Info:    Trying to load font information for U+msa on input line 41.
 ("C:\Program Files\MiKTeX\tex/latex/amsfonts\umsa.fd"
File: umsa.fd 2013/01/14 v3.01 AMS symbols A
)
LaTeX Font Info:    Trying to load font information for U+msb on input line 41.
 ("C:\Program Files\MiKTeX\tex/latex/amsfonts\umsb.fd"
File: umsb.fd 2013/01/14 v3.01 AMS symbols B
)
Underfull \hbox (badness 10000) in paragraph at lines 53--55
[]\OT1/ptm/m/n/10 LEAFFEFCTFAEFEFRICAFAEFITAFEY
 []


Underfull \hbox (badness 10000) in paragraph at lines 53--55
\OT1/ptm/m/n/10 poweggegereg-gsupgegein - generesG-gat-gsg and n
 []


Underfull \hbox (badness 10000) in paragraph at lines 53--55
\OT1/ptm/m/n/10 gen-er-aeg-gal, for-gagegea-cast-ing meth-fE-Fef-s-ge-wawgined
 []


Underfull \vbox (badness 3657) has occurred while \output is active []



LaTeX Warning: Command \textellipsis invalid in math mode on input line 60.


LaTeX Warning: Command \textellipsis invalid in math mode on input line 60.


LaTeX Warning: Command \textellipsis invalid in math mode on input line 60.

d:/DONNY/Documents/BelajarLaTeX/IEEE/tes2.tex:60: Missing } inserted.
<inserted text> 
                }
l.60 ... 2_{2}, …} or  {…, Z_{0}, Z_{1}, …)$
                                                   is generated from stochas...
I've inserted something that you may have forgotten.
(See the <inserted text> above.)
With luck, this will get me unwedged. But if you
really didn't forget anything, try typing `2' now; then
my insertion and my current dilemma will both disappear.


Underfull \hbox (badness 10000) in paragraph at lines 66--66
 \OT1/ptm/m/it/10 B. Go2eaff34234234maweffpe234235ersdffrtz
 []


Underfull \hbox (badness 10000) in paragraph at lines 77--77
 \OT1/ptm/m/it/10 C. Mu234234234ltivarite Si234234234mulation
 []


Underfull \hbox (badness 2846) in paragraph at lines 78--79
\OT1/ptm/m/n/10 pdred-i-cas-das-tor pro-vides an op-por-tu-nity to enhrall for-
 []

[1{C:/Users/utama/AppData/Local/MiKTeX/pdftex/config/pdftex.map}


]
Underfull \hbox (badness 10000) in paragraph at lines 87--89
[]\OT1/ptm/m/n/10 Clusteringfy grids into rel-a-tively
 []


Underfull \hbox (badness 10000) in paragraph at lines 87--89
\OT1/ptm/m/n/10 homxxxxxxxxxxxxxxxxxxxxxxxxxxxxxxxxast is
 []


Underfull \hbox (badness 7814) in paragraph at lines 102--103
\OT1/ptm/m/n/10 type ofs-dfsdf origind-vd-val datxvxvx-daset. If orighave
 []


Underfull \hbox (badness 7504) in paragraph at lines 102--103
\OT1/ptm/m/n/10 the same units, the prin-ci-ple com-po-nent is de-rived
 []


Underfull \hbox (badness 10000) in paragraph at lines 102--103
\OT1/ptm/m/n/10 from c12e12eopo corr2e1e12e12eation ati2eq2e12e1oata
 []


Overfull \hbox (4.56932pt too wide) in paragraph at lines 109--110
[]\OT1/ptm/m/n/10 Total of prin-cipxxxxxxxxxxxxxxxxxxxxxxxxxxxxxxxxxxxxx
 []


Underfull \hbox (badness 10000) in paragraph at lines 113--114
[]\OT1/ptm/m/n/10 Factor anathe struc-ture of xxxxxxxxfac-tors in
 []


Underfull \hbox (badness 10000) in paragraph at lines 113--114
\OT1/ptm/m/n/10 lxxoxwxrxxxnxxuxxm-ber thaxn the obxsez1x23czcved
 []


Underfull \hbox (badness 7397) in paragraph at lines 150--151
[]\OT1/ptm/m/n/10 To ob-tain load den-sas-das-das-da-se-vi-ous load den-sity,
 []


Underfull \hbox (badness 2205) in paragraph at lines 150--151
\OT1/ptm/m/n/10 d-fgsgs ab-sow-er-wr-lute pew-er-w-er-rcent-age eds-fs-dfs-dfs-ds-dgsr
 []

d:/DONNY/Documents/BelajarLaTeX/IEEE/tes2.tex:157: Missing $ inserted.
<inserted text> 
                $
l.157     P_
            {Totalofneighbdfsgsfsdgergaforhood}(t)=Cwefewf_{f}(P_{Rwefwef}(t...
I've inserted a begin-math/end-math symbol since I think
you left one out. Proceed, with fingers crossed.


d:/DONNY/Documents/BelajarLaTeX/IEEE/tes2.tex:158: LaTeX Error: \begin{document} ended by \end{equation}.

See the LaTeX manual or LaTeX Companion for explanation.
Type  H <return>  for immediate help.
 ...                                              
                                                  
l.158 \end{equation}
                    
Your command was ignored.
Type  I <command> <return>  to replace it with another command,
or  <return>  to continue without it.

d:/DONNY/Documents/BelajarLaTeX/IEEE/tes2.tex:158: Missing $ inserted.
<inserted text> 
                $
l.158 \end{equation}
                    
I've inserted something that you may have forgotten.
(See the <inserted text> above.)
With luck, this will get me unwedged. But if you
really didn't forget anything, try typing `2' now; then
my insertion and my current dilemma will both disappear.

d:/DONNY/Documents/BelajarLaTeX/IEEE/tes2.tex:158: Extra \endgroup.
<recently read> \endgroup 
                          
l.158 \end{equation}
                    
Things are pretty mixed up, but I think the worst is over.


Underfull \hbox (badness 10000) in paragraph at lines 154--160
\OT1/ptm/m/n/10 isdf ob-tas-dfined-sex-cept fodfsdr land fssdf us-dfs-ds-ing
 []


Underfull \hbox (badness 7540) in paragraph at lines 154--160
\OT1/ptm/m/n/10 den-sity fds-fs-dfs-dfs-dol-low-ing past load den-sity model.
 []


Underfull \hbox (badness 10000) in paragraph at lines 154--160
\OT1/ptm/m/n/10 sdfsdf Rs-d-fults-dfs-dff ld-foaddfs def-snsity sdfs-drecast
 []


Underfull \hbox (badness 7558) in paragraph at lines 154--160
\OT1/ptm/m/n/10 fs-d-fat efs-dachs-dyeas-dfr ardfe ob-taineds-dfs-dfs-fromsdf tf
 []


Underfull \hbox (badness 10000) in paragraph at lines 154--160
\OT1/ptm/m/n/10 by sum-ming P$[]\OT1/cmr/m/n/10 (\OML/cmm/m/it/10 t\OT1/cmr/m/n/10 ) =
 []


Underfull \hbox (badness 10000) in paragraph at lines 154--160
\OML/cmm/m/it/10 Cwefewf[]\OT1/cmr/m/n/10 (\OML/cmm/m/it/10 P[]\OT1/cmr/m/n/10 (\OML/cmm/m/it/10 t\OT1/cmr/m/n/10 ) + \OML/cmm/m/it/10 qefweP[]\OT1/cmr/m/n/10 (\OML/cmm/m/it/10 twerwe\OT1/cmr/m/n/10 ) +
 []


Underfull \hbox (badness 10000) in paragraph at lines 160--160
 \OT1/ptm/m/it/10 G. Flowchaer-herthrthrt of mi-cros-rht-tre-htrt-th-pa-tial
 []

[2]
Underfull \hbox (badness 10000) in paragraph at lines 181--183
[]\OT1/ptm/m/n/10 Frowefwefwefwefm reswe-fwe-fwe-fwe-fw-ef-
 []


Underfull \hbox (badness 10000) in paragraph at lines 181--183
\OT1/ptm/m/n/10 fewe-fults of clxusxxtxxering,x the totwexfwe-
 []


Underfull \hbox (badness 10000) in paragraph at lines 181--183
\OT1/ptm/m/n/10 fwefx1efwwefwef1xefwefdisxxctsfewefwwef is grouped
 []


Underfull \hbox (badness 5607) in paragraph at lines 190--191
[]\OT1/ptm/m/n/10 Hierarchical clus-ter-ing is abls-df-safa into one hied-
 []


Underfull \hbox (badness 3884) in paragraph at lines 200--202
\OT1/ptm/m/n/10 o-rated Ffrom lS-D-Foad per sec-tor, which de-mands in
 []


Underfull \hbox (badness 3724) in paragraph at lines 200--202
\OT1/ptm/m/n/10 in-dustxxxxxxxxxxst en-ergy de-mands. We can see that
 []


Underfull \hbox (badness 10000) in paragraph at lines 204--207
[]\OT1/ptm/m/n/10 MicDASDASDro-spatiaASASD Du-ADS-DASASDe to
 []


Underfull \hbox (badness 10000) in paragraph at lines 204--207
\OT1/ptm/m/n/10 its easy proAAS-D-DAS-DAS-D-grAS-Dammin-gAS-Dsys-tem,
 []


Underfull \hbox (badness 10000) in paragraph at lines 204--207
\OT1/ptm/m/n/10 this AS-DASque is fea-si-ble toDA per-fected by
 []


Underfull \hbox (badness 10000) in paragraph at lines 204--207
\OT1/ptm/m/n/10 eAS-DAS-DASnhanc-ing its-DAS-DASD abil-ity in pat-ter
 []


Underfull \hbox (badness 6608) in paragraph at lines 211--213
\OT1/ptm/m/n/10 [2] X.asdsa Sas-das-da-sun, Zas-dasd. OuyAS-DAS-Ds-dgdf-
 []


Underfull \hbox (badness 3601) in paragraph at lines 211--213
\OT1/ptm/m/n/10 gAS-Ds-dada D. YWDQW-DA-Sue (23424234017) "Short-
 []

d:/DONNY/Documents/BelajarLaTeX/IEEE/tes2.tex:218: Misplaced alignment tab character &.
l.218 [4] Laurffqeqnec, qfwfewfqteffqr &
                                         Lucka, Masdasdwaria.(2017) “New c...
I can't figure out why you would want to use a tab mark
here. If you just want an ampersand, the remedy is
simple: Just type `I\&' now. But if some right brace
up above has ended a previous alignment prematurely,
you're probably due for more error messages, and you
might try typing `S' now just to see what is salvageable.


Underfull \hbox (badness 10000) in paragraph at lines 217--219
\OT1/ptm/m/n/10 [4] Lau-rf-fqe-qnec, qfwfewfqt-ef-fqr  Lucka, Mas-das-d-
 []


Underfull \hbox (badness 6141) in paragraph at lines 217--219
\OT1/ptm/m/n/10 waria.(2017) \New clustering-based fore-cast-ing method
 []


Underfull \hbox (badness 10000) in paragraph at lines 220--222
\OT1/ptm/m/n/10 [5] Krzygsz-fafeatof Gasfdf-saa-jow-nad-faficzek,
 []


Underfull \hbox (badness 7907) in paragraph at lines 220--222
\OT1/ptm/m/n/10 Toxxxxxxxkowski (2018) \ Sim-u-lawe-fwe-fwe-fer-g-ergf-tion
 []

d:/DONNY/Documents/BelajarLaTeX/IEEE/tes2.tex:224: Misplaced alignment tab character &.
l.224 [6] Raza, Muhammrajah, Midasthulanming &
                                               Lee, Kwang, "Multisdarasdiata...
I can't figure out why you would want to use a tab mark
here. If you just want an ampersand, the remedy is
simple: Just type `I\&' now. But if some right brace
up above has ended a previous alignment prematurely,
you're probably due for more error messages, and you
might try typing `S' now just to see what is salvageable.

d:/DONNY/Documents/BelajarLaTeX/IEEE/tes2.tex:226: Undefined control sequence.
l.226 \noindentdas
                  
The control sequence at the end of the top line
of your error message was never \def'ed. If you have
misspelled it (e.g., `\hobx'), type `I' and the correct
spelling (e.g., `I\hbox'). Otherwise just continue,
and I'll forget about whatever was undefined.

d:/DONNY/Documents/BelajarLaTeX/IEEE/tes2.tex:231: Misplaced alignment tab character &.
l.231 [8] Shahzadeh, Abbas &
                             Khosrai, Saeid (2015) “Impxxxxxs using smart ...
I can't figure out why you would want to use a tab mark
here. If you just want an ampersand, the remedy is
simple: Just type `I\&' now. But if some right brace
up above has ended a previous alignment prematurely,
you're probably due for more error messages, and you
might try typing `S' now just to see what is salvageable.


** Conference Paper **
Before submitting the final camera ready copy, remember to:

 1. Manually equalize the lengths of two columns on the last page
 of your paper;

 2. Ensure that any PostScript and/or PDF output post-processing
 uses only Type 1 fonts and that every step in the generation
 process uses the appropriate paper size.

[3] (d:/DONNY\Documents\BelajarLaTeX\IEEE\tes2.aux)

LaTeX Warning: Label(s) may have changed. Rerun to get cross-references right.

 ) 
Here is how much of TeX's memory you used:
 3975 strings out of 480199
 57158 string characters out of 2889088
 349581 words of memory out of 3000000
 20518 multiletter control sequences out of 15000+200000
 573631 words of font info for 105 fonts, out of 3000000 for 9000
 1141 hyphenation exceptions out of 8191
 66i,11n,72p,845b,323s stack positions out of 5000i,500n,10000p,200000b,50000s
{C:/Program Files/MiKTeX/fonts/enc/dvips/base/8r.enc}<C:/Program Files/MiKTeX/fonts/type1/public/amsfonts/cm/cmex10.pfb><C:/Program Files/MiKTeX/fonts/type1/public/amsfonts/cm/cmmi10.pfb><C:/Program Files/MiKTeX/fonts/type1/public/amsfonts/cm/cmmi7.pfb><C:/Program Files/MiKTeX/fonts/type1/public/amsfonts/cm/cmr10.pfb><C:/Program Files/MiKTeX/fonts/type1/public/amsfonts/cm/cmr7.pfb><C:/Program Files/MiKTeX/fonts/type1/public/amsfonts/cm/cmsy10.pfb><C:/Program Files/MiKTeX/fonts/type1/public/amsfonts/cm/cmsy7.pfb><C:/Program Files/MiKTeX/fonts/type1/urw/times/utmb8a.pfb><C:/Program Files/MiKTeX/fonts/type1/urw/times/utmbi8a.pfb><C:/Program Files/MiKTeX/fonts/type1/urw/times/utmr8a.pfb><C:/Program Files/MiKTeX/fonts/type1/urw/times/utmri8a.pfb>
Output written on d:/DONNY\Documents\BelajarLaTeX\IEEE\tes2.pdf (3 pages, 149152 bytes).
PDF statistics:
 57 PDF objects out of 1000 (max. 8388607)
 0 named destinations out of 1000 (max. 500000)
 1 words of extra memory for PDF output out of 10000 (max. 10000000)

