This is pdfTeX, Version 3.14159265-2.6-1.40.20 (MiKTeX 2.9.7250 64-bit) (preloaded format=pdflatex 2020.4.12)  12 APR 2020 15:52
entering extended mode
**./tes.tex
(tes.tex
LaTeX2e <2019-10-01> patch level 3
("D:\Program Files\MiKTeX 2.9\tex/latex/base\article.cls"
Document Class: article 2019/10/25 v1.4k Standard LaTeX document class
("D:\Program Files\MiKTeX 2.9\tex/latex/base\size12.clo"
File: size12.clo 2019/10/25 v1.4k Standard LaTeX file (size option)
)
\c@part=\count80
\c@section=\count81
\c@subsection=\count82
\c@subsubsection=\count83
\c@paragraph=\count84
\c@subparagraph=\count85
\c@figure=\count86
\c@table=\count87
\abovecaptionskip=\skip41
\belowcaptionskip=\skip42
\bibindent=\dimen102
)
("D:\Program Files\MiKTeX 2.9\tex/latex/tree-dvips\lingmacros.sty"
\c@enums=\count88
\widelabel=\dimen103
\c@tempcnt=\count89
\c@enumsi=\count90
\eeindent=\dimen104
)
("D:\Program Files\MiKTeX 2.9\tex/latex/tree-dvips\tree-dvips.sty"
tree-dvips version .91 of May 16, 1995
\nodemargin=\dimen105
\treelinewidth=\dimen106
\dashlength=\dimen107
\arrowwidth=\dimen108
\arrowlength=\dimen109
\arrowinset=\dimen110
\pos@t=\toks14
\pos@b=\toks15
\pos@l=\toks16
\pos@r=\toks17
\pos@tl=\toks18
\pos@tr=\toks19
\pos@bl=\toks20
\pos@br=\toks21
\@arrow=\count91
\@tempdimc=\dimen111
) (tes.aux)
\openout1 = `tes.aux'.

LaTeX Font Info:    Checking defaults for OML/cmm/m/it on input line 4.
LaTeX Font Info:    ... okay on input line 4.
LaTeX Font Info:    Checking defaults for T1/cmr/m/n on input line 4.
LaTeX Font Info:    ... okay on input line 4.
LaTeX Font Info:    Checking defaults for OT1/cmr/m/n on input line 4.
LaTeX Font Info:    ... okay on input line 4.
LaTeX Font Info:    Checking defaults for OMS/cmsy/m/n on input line 4.
LaTeX Font Info:    ... okay on input line 4.
LaTeX Font Info:    Checking defaults for OMX/cmex/m/n on input line 4.
LaTeX Font Info:    ... okay on input line 4.
LaTeX Font Info:    Checking defaults for U/cmr/m/n on input line 4.
LaTeX Font Info:    ... okay on input line 4.
LaTeX Font Info:    External font `cmex10' loaded for size
(Font)              <10.95> on input line 17.
LaTeX Font Info:    External font `cmex10' loaded for size
(Font)              <8> on input line 17.
LaTeX Font Info:    External font `cmex10' loaded for size
(Font)              <6> on input line 17.

Underfull \hbox (badness 10000) in paragraph at lines 40--45

 []

LaTeX Font Info:    External font `cmex10' loaded for size
(Font)              <12> on input line 46.
[1


Non-PDF special ignored!
<special> header=tree-dvips91.pro
{C:/Users/Donny/AppData/Local/MiKTeX/2.9/pdftex/config/pdftex.map}
Non-PDF special ignored!
<special> ps:@beginspec/nodemargin 2.0 pt def 0.3 pt setlinewidth [] 0 setd...
Non-PDF special ignored!
<special> ps:@beginspec/nodemargin 2.0 pt def 0.3 pt setlinewidth [] 0 setd...
Non-PDF special ignored!
<special> ps:@beginspec/nodemargin 2.0 pt def 0.3 pt setlinewidth [] 0 setd...
Non-PDF special ignored!
<special> ps:@beginspec/nodemargin 2.0 pt def 0.3 pt setlinewidth [] 0 setd...
Non-PDF special ignored!
<special> ps:@beginspec/nodemargin 2.0 pt def 0.3 pt setlinewidth [] 0 setd...
Non-PDF special ignored!
<special> ps:@beginspec/nodemargin 2.0 pt def 0.3 pt setlinewidth [] 0 setd...
Non-PDF special ignored!
<special> ps:@beginspec/nodemargin 2.0 pt def 0.3 pt setlinewidth [] 0 setd...
Non-PDF special ignored!
<special> ps:@beginspec/nodemargin 2.0 pt def 0.3 pt setlinewidth [] 0 setd...
Non-PDF special ignored!
<special> ps:@beginspec/nodemargin 2.0 pt def 0.3 pt setlinewidth [] 0 setd...
] (tes.aux) ) 
Here is how much of TeX's memory you used:
 366 strings out of 492478
 4035 string characters out of 3130991
 67459 words of memory out of 3000000
 4782 multiletter control sequences out of 15000+200000
 9459 words of font info for 33 fonts, out of 3000000 for 9000
 1141 hyphenation exceptions out of 8191
 24i,9n,21p,145b,260s stack positions out of 5000i,500n,10000p,200000b,50000s
<D:/Program Files/MiKTeX 2.9/fonts/type1/public/amsfonts/cm/cmbx10
.pfb><D:/Program Files/MiKTeX 2.9/fonts/type1/public/amsfonts/cm/cmbx12.pfb><D:
/Program Files/MiKTeX 2.9/fonts/type1/public/amsfonts/cm/cmcsc10.pfb><D:/Progra
m Files/MiKTeX 2.9/fonts/type1/public/amsfonts/cm/cmmi12.pfb><D:/Program Files/
MiKTeX 2.9/fonts/type1/public/amsfonts/cm/cmmi8.pfb><D:/Program Files/MiKTeX 2.
9/fonts/type1/public/amsfonts/cm/cmr10.pfb><D:/Program Files/MiKTeX 2.9/fonts/t
ype1/public/amsfonts/cm/cmr12.pfb><D:/Program Files/MiKTeX 2.9/fonts/type1/publ
ic/amsfonts/cm/cmsy8.pfb><D:/Program Files/MiKTeX 2.9/fonts/type1/public/amsfon
ts/cm/cmti12.pfb>
Output written on tes.pdf (1 page, 97268 bytes).
PDF statistics:
 42 PDF objects out of 1000 (max. 8388607)
 0 named destinations out of 1000 (max. 500000)
 1 words of extra memory for PDF output out of 10000 (max. 10000000)

